<?xml version="1.0" encoding="UTF-8"?>
<!-- Generated by org.testng.reporters.JUnitReportReporter -->
<testsuite hostname="DESKTOP-QQJG5DE" failures="0" tests="3" name="com.testing1.RegressionClass" time="0.017" errors="0" timestamp="2023-01-23T23:24:20 IST" skipped="0">
  <testcase classname="com.testing1.RegressionClass" name="regressionTest2" time="0.003"/>
  <system-out/>
  <testcase classname="com.testing1.RegressionClass" name="regressionTest1" time="0.012"/>
  <system-out/>
  <testcase classname="com.testing1.RegressionClass" name="regressionTest3" time="0.002"/>
  <system-out/>
</testsuite> <!-- com.testing1.RegressionClass -->
